HTTP Flood Detector Log
Start time: Nov 19 2025 08:53:42
================================================================================


╔══════════════════════════════════════════════════════════════════════╗
║         HTTP FLOOD DETECTOR - DPDK + OctoSketch                     ║
╠══════════════════════════════════════════════════════════════════════╣
║  Port:              0                                               ║
║  Detection window:  1 second                                        ║
║  Stats interval:    5 seconds                                       ║
║                                                                      ║
║  Detection Rules:                                                    ║
║    1. Rate Anomaly (>10000 pps per IP)                               ║
║    2. URL Concentration (>80% same path)                        ║
║    3. Botnet Detection (>50 IPs)                                  ║
║    4. Heavy Hitters (suspicious IPs)                                 ║
║    5. HTTP Method Anomaly (>98% GET)                                ║
╚══════════════════════════════════════════════════════════════════════╝

Press Ctrl+C to exit...


╔══════════════════════════════════════════════════════════════════════╗
║               HTTP FLOOD DETECTOR - STATISTICS                      ║
╚══════════════════════════════════════════════════════════════════════╝

[PACKET COUNTERS]
  Total packets:      1
  HTTP packets:       0
  Baseline (192.168): 0 (0.0%)
  Attack (203.0.113): 0 (0.0%)

[TRAFFIC ANALYSIS]
  Unique IPs:         0
  Heavy hitters:      0

[HTTP METHODS]
  GET:                0 (0.0%)
  POST:               0 (0.0%)
  Other:              0

[URL CONCENTRATION]
  Top URL:            (none)
  Top URL count:      0 (0.0%)

[ALERT STATUS]
  Alert level:        [0mNONE[0m


╔══════════════════════════════════════════════════════════════════════╗
║               HTTP FLOOD DETECTOR - STATISTICS                      ║
╚══════════════════════════════════════════════════════════════════════╝

[PACKET COUNTERS]
  Total packets:      2
  HTTP packets:       1
  Baseline (192.168): 1 (100.0%)
  Attack (203.0.113): 0 (0.0%)

[TRAFFIC ANALYSIS]
  Unique IPs:         0
  Heavy hitters:      0

[HTTP METHODS]
  GET:                1 (100.0%)
  POST:               0 (0.0%)
  Other:              0

[URL CONCENTRATION]
  Top URL:            /api/v1/products
  Top URL count:      0 (0.0%)

[ALERT STATUS]
  Alert level:        [0mNONE[0m


╔══════════════════════════════════════════════════════════════════════╗
║               HTTP FLOOD DETECTOR - STATISTICS                      ║
╚══════════════════════════════════════════════════════════════════════╝

[PACKET COUNTERS]
  Total packets:      6176210
  HTTP packets:       6176209
  Baseline (192.168): 6176209 (100.0%)
  Attack (203.0.113): 0 (0.0%)

[TRAFFIC ANALYSIS]
  Unique IPs:         0
  Heavy hitters:      0

[HTTP METHODS]
  GET:                5683403 (92.0%)
  POST:               492806 (8.0%)
  Other:              0

[URL CONCENTRATION]
  Top URL:            /
  Top URL count:      0 (0.0%)

[ALERT STATUS]
  Alert level:        [93mMEDIUM[0m
  Reason:              | BOTNET PATTERN: 37118 IPs, avg 166 pps/IP


╔══════════════════════════════════════════════════════════════════════╗
║               HTTP FLOOD DETECTOR - STATISTICS                      ║
╚══════════════════════════════════════════════════════════════════════╝

[PACKET COUNTERS]
  Total packets:      12417049
  HTTP packets:       12417048
  Baseline (192.168): 12417048 (100.0%)
  Attack (203.0.113): 0 (0.0%)

[TRAFFIC ANALYSIS]
  Unique IPs:         0
  Heavy hitters:      0

[HTTP METHODS]
  GET:                11426734 (92.0%)
  POST:               990314 (8.0%)
  Other:              0

[URL CONCENTRATION]
  Top URL:            /
  Top URL count:      0 (0.0%)

[ALERT STATUS]
  Alert level:        [0mNONE[0m


╔══════════════════════════════════════════════════════════════════════╗
║               HTTP FLOOD DETECTOR - STATISTICS                      ║
╚══════════════════════════════════════════════════════════════════════╝

[PACKET COUNTERS]
  Total packets:      18657891
  HTTP packets:       18657890
  Baseline (192.168): 18657890 (100.0%)
  Attack (203.0.113): 0 (0.0%)

[TRAFFIC ANALYSIS]
  Unique IPs:         0
  Heavy hitters:      0

[HTTP METHODS]
  GET:                17166700 (92.0%)
  POST:               1491190 (8.0%)
  Other:              0

[URL CONCENTRATION]
  Top URL:            /
  Top URL count:      0 (0.0%)

[ALERT STATUS]
  Alert level:        [0mNONE[0m


╔══════════════════════════════════════════════════════════════════════╗
║               HTTP FLOOD DETECTOR - STATISTICS                      ║
╚══════════════════════════════════════════════════════════════════════╝

[PACKET COUNTERS]
  Total packets:      24898739
  HTTP packets:       24898738
  Baseline (192.168): 24898738 (100.0%)
  Attack (203.0.113): 0 (0.0%)

[TRAFFIC ANALYSIS]
  Unique IPs:         0
  Heavy hitters:      0

[HTTP METHODS]
  GET:                22905914 (92.0%)
  POST:               1992824 (8.0%)
  Other:              0

[URL CONCENTRATION]
  Top URL:            /
  Top URL count:      0 (0.0%)

[ALERT STATUS]
  Alert level:        [0mNONE[0m


╔══════════════════════════════════════════════════════════════════════╗
║               HTTP FLOOD DETECTOR - STATISTICS                      ║
╚══════════════════════════════════════════════════════════════════════╝

[PACKET COUNTERS]
  Total packets:      31139586
  HTTP packets:       31139584
  Baseline (192.168): 31139584 (100.0%)
  Attack (203.0.113): 0 (0.0%)

[TRAFFIC ANALYSIS]
  Unique IPs:         0
  Heavy hitters:      0

[HTTP METHODS]
  GET:                28648883 (92.0%)
  POST:               2490701 (8.0%)
  Other:              0

[URL CONCENTRATION]
  Top URL:            /
  Top URL count:      0 (0.0%)

[ALERT STATUS]
  Alert level:        [0mNONE[0m


╔══════════════════════════════════════════════════════════════════════╗
║               HTTP FLOOD DETECTOR - STATISTICS                      ║
╚══════════════════════════════════════════════════════════════════════╝

[PACKET COUNTERS]
  Total packets:      37380435
  HTTP packets:       37380433
  Baseline (192.168): 37380433 (100.0%)
  Attack (203.0.113): 0 (0.0%)

[TRAFFIC ANALYSIS]
  Unique IPs:         0
  Heavy hitters:      0

[HTTP METHODS]
  GET:                34394366 (92.0%)
  POST:               2986067 (8.0%)
  Other:              0

[URL CONCENTRATION]
  Top URL:            /
  Top URL count:      0 (0.0%)

[ALERT STATUS]
  Alert level:        [0mNONE[0m


╔══════════════════════════════════════════════════════════════════════╗
║               HTTP FLOOD DETECTOR - STATISTICS                      ║
╚══════════════════════════════════════════════════════════════════════╝

[PACKET COUNTERS]
  Total packets:      43621281
  HTTP packets:       43621279
  Baseline (192.168): 43621279 (100.0%)
  Attack (203.0.113): 0 (0.0%)

[TRAFFIC ANALYSIS]
  Unique IPs:         0
  Heavy hitters:      0

[HTTP METHODS]
  GET:                40136864 (92.0%)
  POST:               3484415 (8.0%)
  Other:              0

[URL CONCENTRATION]
  Top URL:            /
  Top URL count:      0 (0.0%)

[ALERT STATUS]
  Alert level:        [0mNONE[0m


╔══════════════════════════════════════════════════════════════════════╗
║               HTTP FLOOD DETECTOR - STATISTICS                      ║
╚══════════════════════════════════════════════════════════════════════╝

[PACKET COUNTERS]
  Total packets:      49862119
  HTTP packets:       49862117
  Baseline (192.168): 49862117 (100.0%)
  Attack (203.0.113): 0 (0.0%)

[TRAFFIC ANALYSIS]
  Unique IPs:         0
  Heavy hitters:      0

[HTTP METHODS]
  GET:                45880422 (92.0%)
  POST:               3981695 (8.0%)
  Other:              0

[URL CONCENTRATION]
  Top URL:            /
  Top URL count:      0 (0.0%)

[ALERT STATUS]
  Alert level:        [0mNONE[0m


╔══════════════════════════════════════════════════════════════════════╗
║               HTTP FLOOD DETECTOR - STATISTICS                      ║
╚══════════════════════════════════════════════════════════════════════╝

[PACKET COUNTERS]
  Total packets:      56102964
  HTTP packets:       56102962
  Baseline (192.168): 56102962 (100.0%)
  Attack (203.0.113): 0 (0.0%)

[TRAFFIC ANALYSIS]
  Unique IPs:         0
  Heavy hitters:      0

[HTTP METHODS]
  GET:                51623324 (92.0%)
  POST:               4479638 (8.0%)
  Other:              0

[URL CONCENTRATION]
  Top URL:            /
  Top URL count:      0 (0.0%)

[ALERT STATUS]
  Alert level:        [0mNONE[0m


╔══════════════════════════════════════════════════════════════════════╗
║               HTTP FLOOD DETECTOR - STATISTICS                      ║
╚══════════════════════════════════════════════════════════════════════╝

[PACKET COUNTERS]
  Total packets:      62343795
  HTTP packets:       62343793
  Baseline (192.168): 62343793 (100.0%)
  Attack (203.0.113): 0 (0.0%)

[TRAFFIC ANALYSIS]
  Unique IPs:         0
  Heavy hitters:      0

[HTTP METHODS]
  GET:                57361999 (92.0%)
  POST:               4981794 (8.0%)
  Other:              0

[URL CONCENTRATION]
  Top URL:            /
  Top URL count:      0 (0.0%)

[ALERT STATUS]
  Alert level:        [0mNONE[0m


╔══════════════════════════════════════════════════════════════════════╗
║               HTTP FLOOD DETECTOR - STATISTICS                      ║
╚══════════════════════════════════════════════════════════════════════╝

[PACKET COUNTERS]
  Total packets:      68584640
  HTTP packets:       68584637
  Baseline (192.168): 68584637 (100.0%)
  Attack (203.0.113): 0 (0.0%)

[TRAFFIC ANALYSIS]
  Unique IPs:         0
  Heavy hitters:      0

[HTTP METHODS]
  GET:                63111123 (92.0%)
  POST:               5473514 (8.0%)
  Other:              0

[URL CONCENTRATION]
  Top URL:            /
  Top URL count:      0 (0.0%)

[ALERT STATUS]
  Alert level:        [0mNONE[0m


╔══════════════════════════════════════════════════════════════════════╗
║               HTTP FLOOD DETECTOR - STATISTICS                      ║
╚══════════════════════════════════════════════════════════════════════╝

[PACKET COUNTERS]
  Total packets:      74825475
  HTTP packets:       74825472
  Baseline (192.168): 74825472 (100.0%)
  Attack (203.0.113): 0 (0.0%)

[TRAFFIC ANALYSIS]
  Unique IPs:         0
  Heavy hitters:      0

[HTTP METHODS]
  GET:                68857571 (92.0%)
  POST:               5967901 (8.0%)
  Other:              0

[URL CONCENTRATION]
  Top URL:            /
  Top URL count:      0 (0.0%)

[ALERT STATUS]
  Alert level:        [0mNONE[0m


╔══════════════════════════════════════════════════════════════════════╗
║               HTTP FLOOD DETECTOR - STATISTICS                      ║
╚══════════════════════════════════════════════════════════════════════╝

[PACKET COUNTERS]
  Total packets:      84412995
  HTTP packets:       84412992
  Baseline (192.168): 81066317 (96.0%)
  Attack (203.0.113): 3346675 (4.0%)

[TRAFFIC ANALYSIS]
  Unique IPs:         0
  Heavy hitters:      0

[HTTP METHODS]
  GET:                76257328 (90.3%)
  POST:               8155664 (9.7%)
  Other:              0

[URL CONCENTRATION]
  Top URL:            /
  Top URL count:      0 (0.0%)

[ALERT STATUS]
  Alert level:        [33mLOW[0m
  Reason:              | HEAVY HITTERS: 1475958 IPs suspicious


╔══════════════════════════════════════════════════════════════════════╗
║               HTTP FLOOD DETECTOR - STATISTICS                      ║
╚══════════════════════════════════════════════════════════════════════╝

[PACKET COUNTERS]
  Total packets:      98881904
  HTTP packets:       98881901
  Baseline (192.168): 87307164 (88.3%)
  Attack (203.0.113): 11574737 (11.7%)

[TRAFFIC ANALYSIS]
  Unique IPs:         0
  Heavy hitters:      0

[HTTP METHODS]
  GET:                86096461 (87.1%)
  POST:               12785440 (12.9%)
  Other:              0

[URL CONCENTRATION]
  Top URL:            /
  Top URL count:      0 (0.0%)

[ALERT STATUS]
  Alert level:        [33mLOW[0m
  Reason:              | HEAVY HITTERS: 1579782 IPs suspicious


╔══════════════════════════════════════════════════════════════════════╗
║               HTTP FLOOD DETECTOR - STATISTICS                      ║
╚══════════════════════════════════════════════════════════════════════╝

[PACKET COUNTERS]
  Total packets:      113462146
  HTTP packets:       113462143
  Baseline (192.168): 93548005 (82.4%)
  Attack (203.0.113): 19914138 (17.6%)

[TRAFFIC ANALYSIS]
  Unique IPs:         0
  Heavy hitters:      0

[HTTP METHODS]
  GET:                96005694 (84.6%)
  POST:               17456449 (15.4%)
  Other:              0

[URL CONCENTRATION]
  Top URL:            /
  Top URL count:      0 (0.0%)

[ALERT STATUS]
  Alert level:        [33mLOW[0m
  Reason:              | HEAVY HITTERS: 1585947 IPs suspicious


╔══════════════════════════════════════════════════════════════════════╗
║               HTTP FLOOD DETECTOR - STATISTICS                      ║
╚══════════════════════════════════════════════════════════════════════╝

[PACKET COUNTERS]
  Total packets:      128062716
  HTTP packets:       128062713
  Baseline (192.168): 99788840 (77.9%)
  Attack (203.0.113): 28273873 (22.1%)

[TRAFFIC ANALYSIS]
  Unique IPs:         0
  Heavy hitters:      0

[HTTP METHODS]
  GET:                105935816 (82.7%)
  POST:               22126897 (17.3%)
  Other:              0

[URL CONCENTRATION]
  Top URL:            /
  Top URL count:      0 (0.0%)

[ALERT STATUS]
  Alert level:        [33mLOW[0m
  Reason:              | HEAVY HITTERS: 1587523 IPs suspicious


╔══════════════════════════════════════════════════════════════════════╗
║               HTTP FLOOD DETECTOR - STATISTICS                      ║
╚══════════════════════════════════════════════════════════════════════╝

[PACKET COUNTERS]
  Total packets:      142671461
  HTTP packets:       142671457
  Baseline (192.168): 106029684 (74.3%)
  Attack (203.0.113): 36641773 (25.7%)

[TRAFFIC ANALYSIS]
  Unique IPs:         0
  Heavy hitters:      0

[HTTP METHODS]
  GET:                115855881 (81.2%)
  POST:               26815576 (18.8%)
  Other:              0

[URL CONCENTRATION]
  Top URL:            /
  Top URL count:      0 (0.0%)

[ALERT STATUS]
  Alert level:        [33mLOW[0m
  Reason:              | HEAVY HITTERS: 1590415 IPs suspicious


╔══════════════════════════════════════════════════════════════════════╗
║               HTTP FLOOD DETECTOR - STATISTICS                      ║
╚══════════════════════════════════════════════════════════════════════╝

[PACKET COUNTERS]
  Total packets:      157278482
  HTTP packets:       157278478
  Baseline (192.168): 112270526 (71.4%)
  Attack (203.0.113): 45007952 (28.6%)

[TRAFFIC ANALYSIS]
  Unique IPs:         0
  Heavy hitters:      0

[HTTP METHODS]
  GET:                125797076 (80.0%)
  POST:               31481402 (20.0%)
  Other:              0

[URL CONCENTRATION]
  Top URL:            /
  Top URL count:      0 (0.0%)

[ALERT STATUS]
  Alert level:        [33mLOW[0m
  Reason:              | HEAVY HITTERS: 1589438 IPs suspicious


╔══════════════════════════════════════════════════════════════════════╗
║               HTTP FLOOD DETECTOR - STATISTICS                      ║
╚══════════════════════════════════════════════════════════════════════╝

[PACKET COUNTERS]
  Total packets:      171889034
  HTTP packets:       171889030
  Baseline (192.168): 118511376 (68.9%)
  Attack (203.0.113): 53377654 (31.1%)

[TRAFFIC ANALYSIS]
  Unique IPs:         0
  Heavy hitters:      0

[HTTP METHODS]
  GET:                135733726 (79.0%)
  POST:               36155304 (21.0%)
  Other:              0

[URL CONCENTRATION]
  Top URL:            /
  Top URL count:      0 (0.0%)

[ALERT STATUS]
  Alert level:        [91mHIGH[0m
  Reason:             HIGH ATTACK RATE: 53377494 pps from botnet (31.1% of traffic) | HEAVY HITTERS: 1590365 IPs suspicious


╔══════════════════════════════════════════════════════════════════════╗
║               HTTP FLOOD DETECTOR - STATISTICS                      ║
╚══════════════════════════════════════════════════════════════════════╝

[PACKET COUNTERS]
  Total packets:      186509517
  HTTP packets:       186509512
  Baseline (192.168): 124752212 (66.9%)
  Attack (203.0.113): 61757300 (33.1%)

[TRAFFIC ANALYSIS]
  Unique IPs:         0
  Heavy hitters:      0

[HTTP METHODS]
  GET:                145662405 (78.1%)
  POST:               40847107 (21.9%)
  Other:              0

[URL CONCENTRATION]
  Top URL:            /
  Top URL count:      0 (0.0%)

[ALERT STATUS]
  Alert level:        [91mHIGH[0m
  Reason:             HIGH ATTACK RATE: 61757097 pps from botnet (33.1% of traffic) | HEAVY HITTERS: 1593398 IPs suspicious


╔══════════════════════════════════════════════════════════════════════╗
║               HTTP FLOOD DETECTOR - STATISTICS                      ║
╚══════════════════════════════════════════════════════════════════════╝

[PACKET COUNTERS]
  Total packets:      201122835
  HTTP packets:       201122830
  Baseline (192.168): 130993051 (65.1%)
  Attack (203.0.113): 70129779 (34.9%)

[TRAFFIC ANALYSIS]
  Unique IPs:         0
  Heavy hitters:      0

[HTTP METHODS]
  GET:                155589604 (77.4%)
  POST:               45533226 (22.6%)
  Other:              0

[URL CONCENTRATION]
  Top URL:            /
  Top URL count:      0 (0.0%)

[ALERT STATUS]
  Alert level:        [91mHIGH[0m
  Reason:             HIGH ATTACK RATE: 70129724 pps from botnet (34.9% of traffic) | HEAVY HITTERS: 1589982 IPs suspicious


╔══════════════════════════════════════════════════════════════════════╗
║               HTTP FLOOD DETECTOR - STATISTICS                      ║
╚══════════════════════════════════════════════════════════════════════╝

[PACKET COUNTERS]
  Total packets:      215741024
  HTTP packets:       215741019
  Baseline (192.168): 137233887 (63.6%)
  Attack (203.0.113): 78507132 (36.4%)

[TRAFFIC ANALYSIS]
  Unique IPs:         0
  Heavy hitters:      0

[HTTP METHODS]
  GET:                165519039 (76.7%)
  POST:               50221980 (23.3%)
  Other:              0

[URL CONCENTRATION]
  Top URL:            /
  Top URL count:      0 (0.0%)

[ALERT STATUS]
  Alert level:        [91mHIGH[0m
  Reason:             HIGH ATTACK RATE: 78507074 pps from botnet (36.4% of traffic) | HEAVY HITTERS: 1592690 IPs suspicious


╔══════════════════════════════════════════════════════════════════════╗
║               HTTP FLOOD DETECTOR - STATISTICS                      ║
╚══════════════════════════════════════════════════════════════════════╝

[PACKET COUNTERS]
  Total packets:      230357272
  HTTP packets:       230357266
  Baseline (192.168): 143474721 (62.3%)
  Attack (203.0.113): 86882545 (37.7%)

[TRAFFIC ANALYSIS]
  Unique IPs:         0
  Heavy hitters:      0

[HTTP METHODS]
  GET:                175440311 (76.2%)
  POST:               54916955 (23.8%)
  Other:              0

[URL CONCENTRATION]
  Top URL:            /
  Top URL count:      0 (0.0%)

[ALERT STATUS]
  Alert level:        [91mHIGH[0m
  Reason:             HIGH ATTACK RATE: 86882480 pps from botnet (37.7% of traffic) | HEAVY HITTERS: 1591321 IPs suspicious


╔══════════════════════════════════════════════════════════════════════╗
║               HTTP FLOOD DETECTOR - STATISTICS                      ║
╚══════════════════════════════════════════════════════════════════════╝

[PACKET COUNTERS]
  Total packets:      244965376
  HTTP packets:       244965370
  Baseline (192.168): 149715564 (61.1%)
  Attack (203.0.113): 95249806 (38.9%)

[TRAFFIC ANALYSIS]
  Unique IPs:         0
  Heavy hitters:      0

[HTTP METHODS]
  GET:                185363015 (75.7%)
  POST:               59602355 (24.3%)
  Other:              0

[URL CONCENTRATION]
  Top URL:            /
  Top URL count:      0 (0.0%)

[ALERT STATUS]
  Alert level:        [91mHIGH[0m
  Reason:             HIGH ATTACK RATE: 95249693 pps from botnet (38.9% of traffic) | HEAVY HITTERS: 1589744 IPs suspicious


╔══════════════════════════════════════════════════════════════════════╗
║               HTTP FLOOD DETECTOR - STATISTICS                      ║
╚══════════════════════════════════════════════════════════════════════╝

[PACKET COUNTERS]
  Total packets:      259582185
  HTTP packets:       259582179
  Baseline (192.168): 155956407 (60.1%)
  Attack (203.0.113): 103625772 (39.9%)

[TRAFFIC ANALYSIS]
  Unique IPs:         0
  Heavy hitters:      0

[HTTP METHODS]
  GET:                195292143 (75.2%)
  POST:               64290036 (24.8%)
  Other:              0

[URL CONCENTRATION]
  Top URL:            /
  Top URL count:      0 (0.0%)

[ALERT STATUS]
  Alert level:        [91mHIGH[0m
  Reason:             HIGH ATTACK RATE: 103625585 pps from botnet (39.9% of traffic) | HEAVY HITTERS: 1593761 IPs suspicious


╔══════════════════════════════════════════════════════════════════════╗
║               HTTP FLOOD DETECTOR - STATISTICS                      ║
╚══════════════════════════════════════════════════════════════════════╝

[PACKET COUNTERS]
  Total packets:      274191231
  HTTP packets:       274191225
  Baseline (192.168): 162197238 (59.2%)
  Attack (203.0.113): 111993987 (40.8%)

[TRAFFIC ANALYSIS]
  Unique IPs:         0
  Heavy hitters:      0

[HTTP METHODS]
  GET:                205220916 (74.8%)
  POST:               68970309 (25.2%)
  Other:              0

[URL CONCENTRATION]
  Top URL:            /
  Top URL count:      0 (0.0%)

[ALERT STATUS]
  Alert level:        [91mHIGH[0m
  Reason:             HIGH ATTACK RATE: 111993632 pps from botnet (40.8% of traffic) | HEAVY HITTERS: 1589667 IPs suspicious


╔══════════════════════════════════════════════════════════════════════╗
║               HTTP FLOOD DETECTOR - STATISTICS                      ║
╚══════════════════════════════════════════════════════════════════════╝

[PACKET COUNTERS]
  Total packets:      288786954
  HTTP packets:       288786948
  Baseline (192.168): 168438088 (58.3%)
  Attack (203.0.113): 120348860 (41.7%)

[TRAFFIC ANALYSIS]
  Unique IPs:         0
  Heavy hitters:      0

[HTTP METHODS]
  GET:                215150716 (74.5%)
  POST:               73636232 (25.5%)
  Other:              0

[URL CONCENTRATION]
  Top URL:            /
  Top URL count:      0 (0.0%)

[ALERT STATUS]
  Alert level:        [91mHIGH[0m
  Reason:             HIGH ATTACK RATE: 120348705 pps from botnet (41.7% of traffic) | HEAVY HITTERS: 1587906 IPs suspicious


╔══════════════════════════════════════════════════════════════════════╗
║               HTTP FLOOD DETECTOR - STATISTICS                      ║
╚══════════════════════════════════════════════════════════════════════╝

[PACKET COUNTERS]
  Total packets:      303391730
  HTTP packets:       303391724
  Baseline (192.168): 174678914 (57.6%)
  Attack (203.0.113): 128712810 (42.4%)

[TRAFFIC ANALYSIS]
  Unique IPs:         0
  Heavy hitters:      0

[HTTP METHODS]
  GET:                225087039 (74.2%)
  POST:               78304685 (25.8%)
  Other:              0

[URL CONCENTRATION]
  Top URL:            /
  Top URL count:      0 (0.0%)

[ALERT STATUS]
  Alert level:        [91mHIGH[0m
  Reason:             HIGH ATTACK RATE: 128712611 pps from botnet (42.4% of traffic) | HEAVY HITTERS: 1590417 IPs suspicious


╔══════════════════════════════════════════════════════════════════════╗
║               HTTP FLOOD DETECTOR - STATISTICS                      ║
╚══════════════════════════════════════════════════════════════════════╝

[PACKET COUNTERS]
  Total packets:      317997330
  HTTP packets:       317997323
  Baseline (192.168): 180919749 (56.9%)
  Attack (203.0.113): 137077574 (43.1%)

[TRAFFIC ANALYSIS]
  Unique IPs:         0
  Heavy hitters:      0

[HTTP METHODS]
  GET:                235019587 (73.9%)
  POST:               82977736 (26.1%)
  Other:              0

[URL CONCENTRATION]
  Top URL:            /
  Top URL count:      0 (0.0%)

[ALERT STATUS]
  Alert level:        [91mHIGH[0m
  Reason:             HIGH ATTACK RATE: 137077528 pps from botnet (43.1% of traffic) | HEAVY HITTERS: 1590030 IPs suspicious


╔══════════════════════════════════════════════════════════════════════╗
║               HTTP FLOOD DETECTOR - STATISTICS                      ║
╚══════════════════════════════════════════════════════════════════════╝

[PACKET COUNTERS]
  Total packets:      332602789
  HTTP packets:       332602782
  Baseline (192.168): 187160594 (56.3%)
  Attack (203.0.113): 145442188 (43.7%)

[TRAFFIC ANALYSIS]
  Unique IPs:         0
  Heavy hitters:      0

[HTTP METHODS]
  GET:                244940809 (73.6%)
  POST:               87661973 (26.4%)
  Other:              0

[URL CONCENTRATION]
  Top URL:            /
  Top URL count:      0 (0.0%)

[ALERT STATUS]
  Alert level:        [91mHIGH[0m
  Reason:             HIGH ATTACK RATE: 145441993 pps from botnet (43.7% of traffic) | HEAVY HITTERS: 1591233 IPs suspicious


╔══════════════════════════════════════════════════════════════════════╗
║               HTTP FLOOD DETECTOR - STATISTICS                      ║
╚══════════════════════════════════════════════════════════════════════╝

[PACKET COUNTERS]
  Total packets:      347216048
  HTTP packets:       347216041
  Baseline (192.168): 193401434 (55.7%)
  Attack (203.0.113): 153814607 (44.3%)

[TRAFFIC ANALYSIS]
  Unique IPs:         0
  Heavy hitters:      0

[HTTP METHODS]
  GET:                254871972 (73.4%)
  POST:               92344069 (26.6%)
  Other:              0

[URL CONCENTRATION]
  Top URL:            /
  Top URL count:      0 (0.0%)

[ALERT STATUS]
  Alert level:        [91mHIGH[0m
  Reason:             HIGH ATTACK RATE: 153814560 pps from botnet (44.3% of traffic) | HEAVY HITTERS: 1590415 IPs suspicious


╔══════════════════════════════════════════════════════════════════════╗
║               HTTP FLOOD DETECTOR - STATISTICS                      ║
╚══════════════════════════════════════════════════════════════════════╝

[PACKET COUNTERS]
  Total packets:      361824132
  HTTP packets:       361824125
  Baseline (192.168): 199642310 (55.2%)
  Attack (203.0.113): 162181815 (44.8%)

[TRAFFIC ANALYSIS]
  Unique IPs:         69
  Heavy hitters:      0

[HTTP METHODS]
  GET:                264789164 (73.2%)
  POST:               97034961 (26.8%)
  Other:              0

[URL CONCENTRATION]
  Top URL:            /api
  Top URL count:      20 (0.0%)

[ALERT STATUS]
  Alert level:        [91mHIGH[0m
  Reason:             HIGH ATTACK RATE: 162181660 pps from botnet (44.8% of traffic) | HEAVY HITTERS: 1590616 IPs suspicious


╔══════════════════════════════════════════════════════════════════════╗
║               HTTP FLOOD DETECTOR - STATISTICS                      ║
╚══════════════════════════════════════════════════════════════════════╝

[PACKET COUNTERS]
  Total packets:      376437728
  HTTP packets:       376437721
  Baseline (192.168): 205883180 (54.7%)
  Attack (203.0.113): 170554541 (45.3%)

[TRAFFIC ANALYSIS]
  Unique IPs:         107
  Heavy hitters:      0

[HTTP METHODS]
  GET:                274700808 (73.0%)
  POST:               101736913 (27.0%)
  Other:              0

[URL CONCENTRATION]
  Top URL:            /
  Top URL count:      31 (0.0%)

[ALERT STATUS]
  Alert level:        [91mHIGH[0m
  Reason:             HIGH ATTACK RATE: 170554285 pps from botnet (45.3% of traffic) | HEAVY HITTERS: 1590797 IPs suspicious


╔══════════════════════════════════════════════════════════════════════╗
║               HTTP FLOOD DETECTOR - STATISTICS                      ║
╚══════════════════════════════════════════════════════════════════════╝

[PACKET COUNTERS]
  Total packets:      391061725
  HTTP packets:       391061718
  Baseline (192.168): 212124062 (54.2%)
  Attack (203.0.113): 178937656 (45.8%)

[TRAFFIC ANALYSIS]
  Unique IPs:         138
  Heavy hitters:      0

[HTTP METHODS]
  GET:                284632584 (72.8%)
  POST:               106429134 (27.2%)
  Other:              0

[URL CONCENTRATION]
  Top URL:            /
  Top URL count:      47 (0.0%)

[ALERT STATUS]
  Alert level:        [91mHIGH[0m
  Reason:             HIGH ATTACK RATE: 178937044 pps from botnet (45.8% of traffic) | HEAVY HITTERS: 1593372 IPs suspicious


╔══════════════════════════════════════════════════════════════════════╗
║               HTTP FLOOD DETECTOR - STATISTICS                      ║
╚══════════════════════════════════════════════════════════════════════╝

[PACKET COUNTERS]
  Total packets:      405687838
  HTTP packets:       405687830
  Baseline (192.168): 218364915 (53.8%)
  Attack (203.0.113): 187322915 (46.2%)

[TRAFFIC ANALYSIS]
  Unique IPs:         151
  Heavy hitters:      0

[HTTP METHODS]
  GET:                294555502 (72.6%)
  POST:               111132328 (27.4%)
  Other:              0

[URL CONCENTRATION]
  Top URL:            /login
  Top URL count:      52 (0.0%)

[ALERT STATUS]
  Alert level:        [91mHIGH[0m
  Reason:             HIGH ATTACK RATE: 187322720 pps from botnet (46.2% of traffic) | HEAVY HITTERS: 1593019 IPs suspicious


╔══════════════════════════════════════════════════════════════════════╗
║               HTTP FLOOD DETECTOR - STATISTICS                      ║
╚══════════════════════════════════════════════════════════════════════╝

[PACKET COUNTERS]
  Total packets:      420304286
  HTTP packets:       420304278
  Baseline (192.168): 224605761 (53.4%)
  Attack (203.0.113): 195698517 (46.6%)

[TRAFFIC ANALYSIS]
  Unique IPs:         159
  Heavy hitters:      0

[HTTP METHODS]
  GET:                304483289 (72.4%)
  POST:               115820989 (27.6%)
  Other:              0

[URL CONCENTRATION]
  Top URL:            /
  Top URL count:      62 (0.0%)

[ALERT STATUS]
  Alert level:        [91mHIGH[0m
  Reason:             HIGH ATTACK RATE: 195698246 pps from botnet (46.6% of traffic) | HEAVY HITTERS: 1590324 IPs suspicious


╔══════════════════════════════════════════════════════════════════════╗
║               HTTP FLOOD DETECTOR - STATISTICS                      ║
╚══════════════════════════════════════════════════════════════════════╝

[PACKET COUNTERS]
  Total packets:      434915195
  HTTP packets:       434915187
  Baseline (192.168): 230846629 (53.1%)
  Attack (203.0.113): 204068558 (46.9%)

[TRAFFIC ANALYSIS]
  Unique IPs:         181
  Heavy hitters:      0

[HTTP METHODS]
  GET:                314409918 (72.3%)
  POST:               120505269 (27.7%)
  Other:              0

[URL CONCENTRATION]
  Top URL:            /
  Top URL count:      71 (0.0%)

[ALERT STATUS]
  Alert level:        [91mHIGH[0m
  Reason:             HIGH ATTACK RATE: 204068185 pps from botnet (46.9% of traffic) | HEAVY HITTERS: 1590938 IPs suspicious


╔══════════════════════════════════════════════════════════════════════╗
║               HTTP FLOOD DETECTOR - STATISTICS                      ║
╚══════════════════════════════════════════════════════════════════════╝

[PACKET COUNTERS]
  Total packets:      449530178
  HTTP packets:       449530170
  Baseline (192.168): 237087465 (52.7%)
  Attack (203.0.113): 212442705 (47.3%)

[TRAFFIC ANALYSIS]
  Unique IPs:         176
  Heavy hitters:      0

[HTTP METHODS]
  GET:                324343898 (72.2%)
  POST:               125186272 (27.8%)
  Other:              0

[URL CONCENTRATION]
  Top URL:            /
  Top URL count:      77 (0.0%)

[ALERT STATUS]
  Alert level:        [91mHIGH[0m
  Reason:             HIGH ATTACK RATE: 212442434 pps from botnet (47.3% of traffic) | HEAVY HITTERS: 1592314 IPs suspicious


╔══════════════════════════════════════════════════════════════════════╗
║               HTTP FLOOD DETECTOR - STATISTICS                      ║
╚══════════════════════════════════════════════════════════════════════╝

[PACKET COUNTERS]
  Total packets:      464140707
  HTTP packets:       464140699
  Baseline (192.168): 243328307 (52.4%)
  Attack (203.0.113): 220812392 (47.6%)

[TRAFFIC ANALYSIS]
  Unique IPs:         181
  Heavy hitters:      0

[HTTP METHODS]
  GET:                334276954 (72.0%)
  POST:               129863745 (28.0%)
  Other:              0

[URL CONCENTRATION]
  Top URL:            /
  Top URL count:      69 (0.0%)

[ALERT STATUS]
  Alert level:        [91mHIGH[0m
  Reason:             HIGH ATTACK RATE: 220811893 pps from botnet (47.6% of traffic) | HEAVY HITTERS: 1588428 IPs suspicious


╔══════════════════════════════════════════════════════════════════════╗
║               HTTP FLOOD DETECTOR - STATISTICS                      ║
╚══════════════════════════════════════════════════════════════════════╝

[PACKET COUNTERS]
  Total packets:      478760939
  HTTP packets:       478760931
  Baseline (192.168): 249569139 (52.1%)
  Attack (203.0.113): 229191792 (47.9%)

[TRAFFIC ANALYSIS]
  Unique IPs:         169
  Heavy hitters:      0

[HTTP METHODS]
  GET:                344217676 (71.9%)
  POST:               134543255 (28.1%)
  Other:              0

[URL CONCENTRATION]
  Top URL:            /
  Top URL count:      71 (0.0%)

[ALERT STATUS]
  Alert level:        [91mHIGH[0m
  Reason:             HIGH ATTACK RATE: 229191521 pps from botnet (47.9% of traffic) | HEAVY HITTERS: 1592862 IPs suspicious


╔══════════════════════════════════════════════════════════════════════╗
║               HTTP FLOOD DETECTOR - STATISTICS                      ║
╚══════════════════════════════════════════════════════════════════════╝

[PACKET COUNTERS]
  Total packets:      493381547
  HTTP packets:       493381538
  Baseline (192.168): 255809985 (51.8%)
  Attack (203.0.113): 237571553 (48.2%)

[TRAFFIC ANALYSIS]
  Unique IPs:         176
  Heavy hitters:      0

[HTTP METHODS]
  GET:                354153901 (71.8%)
  POST:               139227637 (28.2%)
  Other:              0

[URL CONCENTRATION]
  Top URL:            /
  Top URL count:      75 (0.0%)

[ALERT STATUS]
  Alert level:        [91mHIGH[0m
  Reason:             HIGH ATTACK RATE: 237570506 pps from botnet (48.2% of traffic) | HEAVY HITTERS: 1592395 IPs suspicious


╔══════════════════════════════════════════════════════════════════════╗
║               HTTP FLOOD DETECTOR - STATISTICS                      ║
╚══════════════════════════════════════════════════════════════════════╝

[PACKET COUNTERS]
  Total packets:      507995372
  HTTP packets:       507995363
  Baseline (192.168): 262050819 (51.6%)
  Attack (203.0.113): 245944544 (48.4%)

[TRAFFIC ANALYSIS]
  Unique IPs:         177
  Heavy hitters:      0

[HTTP METHODS]
  GET:                364084884 (71.7%)
  POST:               143910479 (28.3%)
  Other:              0

[URL CONCENTRATION]
  Top URL:            /
  Top URL count:      68 (0.0%)

[ALERT STATUS]
  Alert level:        [91mHIGH[0m
  Reason:             HIGH ATTACK RATE: 245942759 pps from botnet (48.4% of traffic) | HEAVY HITTERS: 1591622 IPs suspicious


╔══════════════════════════════════════════════════════════════════════╗
║               HTTP FLOOD DETECTOR - STATISTICS                      ║
╚══════════════════════════════════════════════════════════════════════╝

[PACKET COUNTERS]
  Total packets:      522597726
  HTTP packets:       522597717
  Baseline (192.168): 268291659 (51.3%)
  Attack (203.0.113): 254306058 (48.7%)

[TRAFFIC ANALYSIS]
  Unique IPs:         162
  Heavy hitters:      0

[HTTP METHODS]
  GET:                373993229 (71.6%)
  POST:               148604488 (28.4%)
  Other:              0

[URL CONCENTRATION]
  Top URL:            /
  Top URL count:      62 (0.0%)

[ALERT STATUS]
  Alert level:        [91mHIGH[0m
  Reason:             HIGH ATTACK RATE: 254304752 pps from botnet (48.7% of traffic) | HEAVY HITTERS: 1585068 IPs suspicious


╔══════════════════════════════════════════════════════════════════════╗
║               HTTP FLOOD DETECTOR - STATISTICS                      ║
╚══════════════════════════════════════════════════════════════════════╝

[PACKET COUNTERS]
  Total packets:      537199154
  HTTP packets:       537199145
  Baseline (192.168): 274532494 (51.1%)
  Attack (203.0.113): 262666651 (48.9%)

[TRAFFIC ANALYSIS]
  Unique IPs:         171
  Heavy hitters:      0

[HTTP METHODS]
  GET:                383907251 (71.5%)
  POST:               153291894 (28.5%)
  Other:              0

[URL CONCENTRATION]
  Top URL:            /login
  Top URL count:      66 (0.0%)

[ALERT STATUS]
  Alert level:        [91mHIGH[0m
  Reason:             HIGH ATTACK RATE: 262666297 pps from botnet (48.9% of traffic) | HEAVY HITTERS: 1589655 IPs suspicious


╔══════════════════════════════════════════════════════════════════════╗
║               HTTP FLOOD DETECTOR - STATISTICS                      ║
╚══════════════════════════════════════════════════════════════════════╝

[PACKET COUNTERS]
  Total packets:      551802062
  HTTP packets:       551802053
  Baseline (192.168): 280773333 (50.9%)
  Attack (203.0.113): 271028720 (49.1%)

[TRAFFIC ANALYSIS]
  Unique IPs:         171
  Heavy hitters:      0

[HTTP METHODS]
  GET:                393826973 (71.4%)
  POST:               157975080 (28.6%)
  Other:              0

[URL CONCENTRATION]
  Top URL:            /
  Top URL count:      79 (0.0%)

[ALERT STATUS]
  Alert level:        [91mHIGH[0m
  Reason:             HIGH ATTACK RATE: 271027686 pps from botnet (49.1% of traffic) | HEAVY HITTERS: 1587324 IPs suspicious


╔══════════════════════════════════════════════════════════════════════╗
║               HTTP FLOOD DETECTOR - STATISTICS                      ║
╚══════════════════════════════════════════════════════════════════════╝

[PACKET COUNTERS]
  Total packets:      566415165
  HTTP packets:       566415156
  Baseline (192.168): 287014184 (50.7%)
  Attack (203.0.113): 279400972 (49.3%)

[TRAFFIC ANALYSIS]
  Unique IPs:         181
  Heavy hitters:      0

[HTTP METHODS]
  GET:                403760250 (71.3%)
  POST:               162654906 (28.7%)
  Other:              0

[URL CONCENTRATION]
  Top URL:            /login
  Top URL count:      74 (0.0%)

[ALERT STATUS]
  Alert level:        [91mHIGH[0m
  Reason:             HIGH ATTACK RATE: 279400700 pps from botnet (49.3% of traffic) | HEAVY HITTERS: 1591629 IPs suspicious


╔══════════════════════════════════════════════════════════════════════╗
║               HTTP FLOOD DETECTOR - STATISTICS                      ║
╚══════════════════════════════════════════════════════════════════════╝

[PACKET COUNTERS]
  Total packets:      581033962
  HTTP packets:       581033952
  Baseline (192.168): 293255021 (50.5%)
  Attack (203.0.113): 287778931 (49.5%)

[TRAFFIC ANALYSIS]
  Unique IPs:         187
  Heavy hitters:      0

[HTTP METHODS]
  GET:                413702195 (71.2%)
  POST:               167331757 (28.8%)
  Other:              0

[URL CONCENTRATION]
  Top URL:            /
  Top URL count:      88 (0.0%)

[ALERT STATUS]
  Alert level:        [91mHIGH[0m
  Reason:             HIGH ATTACK RATE: 287778523 pps from botnet (49.5% of traffic) | HEAVY HITTERS: 1591819 IPs suspicious


╔══════════════════════════════════════════════════════════════════════╗
║               HTTP FLOOD DETECTOR - STATISTICS                      ║
╚══════════════════════════════════════════════════════════════════════╝

[PACKET COUNTERS]
  Total packets:      595651022
  HTTP packets:       595651012
  Baseline (192.168): 299495856 (50.3%)
  Attack (203.0.113): 296155156 (49.7%)

[TRAFFIC ANALYSIS]
  Unique IPs:         177
  Heavy hitters:      0

[HTTP METHODS]
  GET:                423644869 (71.1%)
  POST:               172006143 (28.9%)
  Other:              0

[URL CONCENTRATION]
  Top URL:            /
  Top URL count:      75 (0.0%)

[ALERT STATUS]
  Alert level:        [91mHIGH[0m
  Reason:             HIGH ATTACK RATE: 296154176 pps from botnet (49.7% of traffic) | HEAVY HITTERS: 1593192 IPs suspicious


╔══════════════════════════════════════════════════════════════════════╗
║               HTTP FLOOD DETECTOR - STATISTICS                      ║
╚══════════════════════════════════════════════════════════════════════╝

[PACKET COUNTERS]
  Total packets:      610269197
  HTTP packets:       610269187
  Baseline (192.168): 305736698 (50.1%)
  Attack (203.0.113): 304532489 (49.9%)

[TRAFFIC ANALYSIS]
  Unique IPs:         179
  Heavy hitters:      0

[HTTP METHODS]
  GET:                433586896 (71.0%)
  POST:               176682291 (29.0%)
  Other:              0

[URL CONCENTRATION]
  Top URL:            /search
  Top URL count:      65 (0.0%)

[ALERT STATUS]
  Alert level:        [91mHIGH[0m
  Reason:             HIGH ATTACK RATE: 304532229 pps from botnet (49.9% of traffic) | HEAVY HITTERS: 1592397 IPs suspicious


╔══════════════════════════════════════════════════════════════════════╗
║               HTTP FLOOD DETECTOR - STATISTICS                      ║
╚══════════════════════════════════════════════════════════════════════╝

[PACKET COUNTERS]
  Total packets:      624890243
  HTTP packets:       624890233
  Baseline (192.168): 311977537 (49.9%)
  Attack (203.0.113): 312912696 (50.1%)

[TRAFFIC ANALYSIS]
  Unique IPs:         181
  Heavy hitters:      0

[HTTP METHODS]
  GET:                443519062 (71.0%)
  POST:               181371171 (29.0%)
  Other:              0

[URL CONCENTRATION]
  Top URL:            /
  Top URL count:      80 (0.0%)

[ALERT STATUS]
  Alert level:        [91mHIGH[0m
  Reason:             HIGH ATTACK RATE: 312912107 pps from botnet (50.1% of traffic) | HEAVY HITTERS: 1594157 IPs suspicious


╔══════════════════════════════════════════════════════════════════════╗
║               HTTP FLOOD DETECTOR - STATISTICS                      ║
╚══════════════════════════════════════════════════════════════════════╝

[PACKET COUNTERS]
  Total packets:      639511910
  HTTP packets:       639511900
  Baseline (192.168): 318218359 (49.8%)
  Attack (203.0.113): 321293541 (50.2%)

[TRAFFIC ANALYSIS]
  Unique IPs:         170
  Heavy hitters:      0

[HTTP METHODS]
  GET:                453458116 (70.9%)
  POST:               186053784 (29.1%)
  Other:              0

[URL CONCENTRATION]
  Top URL:            /
  Top URL count:      97 (0.0%)

[ALERT STATUS]
  Alert level:        [91mHIGH[0m
  Reason:             HIGH ATTACK RATE: 321293105 pps from botnet (50.2% of traffic) | HEAVY HITTERS: 1592034 IPs suspicious


╔══════════════════════════════════════════════════════════════════════╗
║               HTTP FLOOD DETECTOR - STATISTICS                      ║
╚══════════════════════════════════════════════════════════════════════╝

[PACKET COUNTERS]
  Total packets:      654131488
  HTTP packets:       654131478
  Baseline (192.168): 324459192 (49.6%)
  Attack (203.0.113): 329672286 (50.4%)

[TRAFFIC ANALYSIS]
  Unique IPs:         176
  Heavy hitters:      0

[HTTP METHODS]
  GET:                463388616 (70.8%)
  POST:               190742862 (29.2%)
  Other:              0

[URL CONCENTRATION]
  Top URL:            /
  Top URL count:      77 (0.0%)

[ALERT STATUS]
  Alert level:        [91mHIGH[0m
  Reason:             HIGH ATTACK RATE: 329671644 pps from botnet (50.4% of traffic) | HEAVY HITTERS: 1593565 IPs suspicious


╔══════════════════════════════════════════════════════════════════════╗
║               HTTP FLOOD DETECTOR - STATISTICS                      ║
╚══════════════════════════════════════════════════════════════════════╝

[PACKET COUNTERS]
  Total packets:      668757052
  HTTP packets:       668757041
  Baseline (192.168): 330700023 (49.4%)
  Attack (203.0.113): 338057018 (50.6%)

[TRAFFIC ANALYSIS]
  Unique IPs:         164
  Heavy hitters:      0

[HTTP METHODS]
  GET:                473312736 (70.8%)
  POST:               195444305 (29.2%)
  Other:              0

[URL CONCENTRATION]
  Top URL:            /
  Top URL count:      79 (0.0%)

[ALERT STATUS]
  Alert level:        [91mHIGH[0m
  Reason:             HIGH ATTACK RATE: 338056172 pps from botnet (50.6% of traffic) | HEAVY HITTERS: 1596565 IPs suspicious


╔══════════════════════════════════════════════════════════════════════╗
║               HTTP FLOOD DETECTOR - STATISTICS                      ║
╚══════════════════════════════════════════════════════════════════════╝

[PACKET COUNTERS]
  Total packets:      683384599
  HTTP packets:       683384588
  Baseline (192.168): 336940862 (49.3%)
  Attack (203.0.113): 346443726 (50.7%)

[TRAFFIC ANALYSIS]
  Unique IPs:         163
  Heavy hitters:      0

[HTTP METHODS]
  GET:                483247772 (70.7%)
  POST:               200136816 (29.3%)
  Other:              0

[URL CONCENTRATION]
  Top URL:            /
  Top URL count:      71 (0.0%)

[ALERT STATUS]
  Alert level:        [91mHIGH[0m
  Reason:             HIGH ATTACK RATE: 346442616 pps from botnet (50.7% of traffic) | HEAVY HITTERS: 1593825 IPs suspicious


╔══════════════════════════════════════════════════════════════════════╗
║               HTTP FLOOD DETECTOR - STATISTICS                      ║
╚══════════════════════════════════════════════════════════════════════╝

[PACKET COUNTERS]
  Total packets:      698003792
  HTTP packets:       698003781
  Baseline (192.168): 343181698 (49.2%)
  Attack (203.0.113): 354822083 (50.8%)

[TRAFFIC ANALYSIS]
  Unique IPs:         168
  Heavy hitters:      0

[HTTP METHODS]
  GET:                493169812 (70.7%)
  POST:               204833969 (29.3%)
  Other:              0

[URL CONCENTRATION]
  Top URL:            /
  Top URL count:      72 (0.0%)

[ALERT STATUS]
  Alert level:        [91mHIGH[0m
  Reason:             HIGH ATTACK RATE: 354821534 pps from botnet (50.8% of traffic) | HEAVY HITTERS: 1592352 IPs suspicious


╔══════════════════════════════════════════════════════════════════════╗
║               HTTP FLOOD DETECTOR - STATISTICS                      ║
╚══════════════════════════════════════════════════════════════════════╝

[PACKET COUNTERS]
  Total packets:      712622910
  HTTP packets:       712622899
  Baseline (192.168): 349422546 (49.0%)
  Attack (203.0.113): 363200353 (51.0%)

[TRAFFIC ANALYSIS]
  Unique IPs:         175
  Heavy hitters:      0

[HTTP METHODS]
  GET:                503106526 (70.6%)
  POST:               209516373 (29.4%)
  Other:              0

[URL CONCENTRATION]
  Top URL:            /
  Top URL count:      63 (0.0%)

[ALERT STATUS]
  Alert level:        [91mHIGH[0m
  Reason:             HIGH ATTACK RATE: 363199908 pps from botnet (51.0% of traffic) | HEAVY HITTERS: 1591711 IPs suspicious


╔══════════════════════════════════════════════════════════════════════╗
║               HTTP FLOOD DETECTOR - STATISTICS                      ║
╚══════════════════════════════════════════════════════════════════════╝

[PACKET COUNTERS]
  Total packets:      727238254
  HTTP packets:       727238243
  Baseline (192.168): 355663365 (48.9%)
  Attack (203.0.113): 371574878 (51.1%)

[TRAFFIC ANALYSIS]
  Unique IPs:         168
  Heavy hitters:      0

[HTTP METHODS]
  GET:                513038810 (70.5%)
  POST:               214199433 (29.5%)
  Other:              0

[URL CONCENTRATION]
  Top URL:            /
  Top URL count:      82 (0.0%)

[ALERT STATUS]
  Alert level:        [91mHIGH[0m
  Reason:             HIGH ATTACK RATE: 371574523 pps from botnet (51.1% of traffic) | HEAVY HITTERS: 1592817 IPs suspicious


╔══════════════════════════════════════════════════════════════════════╗
║               HTTP FLOOD DETECTOR - STATISTICS                      ║
╚══════════════════════════════════════════════════════════════════════╝

[PACKET COUNTERS]
  Total packets:      741860941
  HTTP packets:       741860930
  Baseline (192.168): 361904198 (48.8%)
  Attack (203.0.113): 379956732 (51.2%)

[TRAFFIC ANALYSIS]
  Unique IPs:         171
  Heavy hitters:      0

[HTTP METHODS]
  GET:                522977791 (70.5%)
  POST:               218883139 (29.5%)
  Other:              0

[URL CONCENTRATION]
  Top URL:            /
  Top URL count:      83 (0.0%)

[ALERT STATUS]
  Alert level:        [91mHIGH[0m
  Reason:             HIGH ATTACK RATE: 379956182 pps from botnet (51.2% of traffic) | HEAVY HITTERS: 1593090 IPs suspicious


╔══════════════════════════════════════════════════════════════════════╗
║               HTTP FLOOD DETECTOR - STATISTICS                      ║
╚══════════════════════════════════════════════════════════════════════╝

[PACKET COUNTERS]
  Total packets:      756478635
  HTTP packets:       756478623
  Baseline (192.168): 368145035 (48.7%)
  Attack (203.0.113): 388333588 (51.3%)

[TRAFFIC ANALYSIS]
  Unique IPs:         166
  Heavy hitters:      0

[HTTP METHODS]
  GET:                532911375 (70.4%)
  POST:               223567248 (29.6%)
  Other:              0

[URL CONCENTRATION]
  Top URL:            /
  Top URL count:      68 (0.0%)

[ALERT STATUS]
  Alert level:        [91mHIGH[0m
  Reason:             HIGH ATTACK RATE: 388333120 pps from botnet (51.3% of traffic) | HEAVY HITTERS: 1593034 IPs suspicious


╔══════════════════════════════════════════════════════════════════════╗
║               HTTP FLOOD DETECTOR - STATISTICS                      ║
╚══════════════════════════════════════════════════════════════════════╝

[PACKET COUNTERS]
  Total packets:      771097426
  HTTP packets:       771097414
  Baseline (192.168): 374385871 (48.6%)
  Attack (203.0.113): 396711543 (51.4%)

[TRAFFIC ANALYSIS]
  Unique IPs:         169
  Heavy hitters:      0

[HTTP METHODS]
  GET:                542836637 (70.4%)
  POST:               228260777 (29.6%)
  Other:              0

[URL CONCENTRATION]
  Top URL:            /
  Top URL count:      73 (0.0%)

[ALERT STATUS]
  Alert level:        [91mHIGH[0m
  Reason:             HIGH ATTACK RATE: 396710352 pps from botnet (51.4% of traffic) | HEAVY HITTERS: 1592644 IPs suspicious


╔══════════════════════════════════════════════════════════════════════╗
║               HTTP FLOOD DETECTOR - STATISTICS                      ║
╚══════════════════════════════════════════════════════════════════════╝

[PACKET COUNTERS]
  Total packets:      785716640
  HTTP packets:       785716628
  Baseline (192.168): 380626707 (48.4%)
  Attack (203.0.113): 405089921 (51.6%)

[TRAFFIC ANALYSIS]
  Unique IPs:         154
  Heavy hitters:      0

[HTTP METHODS]
  GET:                552761742 (70.4%)
  POST:               232954886 (29.6%)
  Other:              0

[URL CONCENTRATION]
  Top URL:            /
  Top URL count:      64 (0.0%)

[ALERT STATUS]
  Alert level:        [91mHIGH[0m
  Reason:             HIGH ATTACK RATE: 405089100 pps from botnet (51.6% of traffic) | HEAVY HITTERS: 1592019 IPs suspicious


╔══════════════════════════════════════════════════════════════════════╗
║               HTTP FLOOD DETECTOR - STATISTICS                      ║
╚══════════════════════════════════════════════════════════════════════╝

[PACKET COUNTERS]
  Total packets:      800330978
  HTTP packets:       800330966
  Baseline (192.168): 386867547 (48.3%)
  Attack (203.0.113): 413463419 (51.7%)

[TRAFFIC ANALYSIS]
  Unique IPs:         164
  Heavy hitters:      0

[HTTP METHODS]
  GET:                562683052 (70.3%)
  POST:               237647914 (29.7%)
  Other:              0

[URL CONCENTRATION]
  Top URL:            /
  Top URL count:      66 (0.0%)

[ALERT STATUS]
  Alert level:        [91mHIGH[0m
  Reason:             HIGH ATTACK RATE: 413463147 pps from botnet (51.7% of traffic) | HEAVY HITTERS: 1591697 IPs suspicious


╔══════════════════════════════════════════════════════════════════════╗
║               HTTP FLOOD DETECTOR - STATISTICS                      ║
╚══════════════════════════════════════════════════════════════════════╝

[PACKET COUNTERS]
  Total packets:      814944103
  HTTP packets:       814944091
  Baseline (192.168): 393108369 (48.2%)
  Attack (203.0.113): 421835722 (51.8%)

[TRAFFIC ANALYSIS]
  Unique IPs:         157
  Heavy hitters:      0

[HTTP METHODS]
  GET:                572602558 (70.3%)
  POST:               242341533 (29.7%)
  Other:              0

[URL CONCENTRATION]
  Top URL:            /search
  Top URL count:      55 (0.0%)

[ALERT STATUS]
  Alert level:        [91mHIGH[0m
  Reason:             HIGH ATTACK RATE: 421833472 pps from botnet (51.8% of traffic) | HEAVY HITTERS: 1590754 IPs suspicious


╔══════════════════════════════════════════════════════════════════════╗
║               HTTP FLOOD DETECTOR - STATISTICS                      ║
╚══════════════════════════════════════════════════════════════════════╝

[PACKET COUNTERS]
  Total packets:      829561626
  HTTP packets:       829561614
  Baseline (192.168): 399349210 (48.1%)
  Attack (203.0.113): 430212404 (51.9%)

[TRAFFIC ANALYSIS]
  Unique IPs:         159
  Heavy hitters:      0

[HTTP METHODS]
  GET:                582522981 (70.2%)
  POST:               247038633 (29.8%)
  Other:              0

[URL CONCENTRATION]
  Top URL:            /
  Top URL count:      59 (0.0%)

[ALERT STATUS]
  Alert level:        [91mHIGH[0m
  Reason:             HIGH ATTACK RATE: 430211976 pps from botnet (51.9% of traffic) | HEAVY HITTERS: 1591657 IPs suspicious


╔══════════════════════════════════════════════════════════════════════╗
║               HTTP FLOOD DETECTOR - STATISTICS                      ║
╚══════════════════════════════════════════════════════════════════════╝

[PACKET COUNTERS]
  Total packets:      844168344
  HTTP packets:       844168331
  Baseline (192.168): 405590039 (48.0%)
  Attack (203.0.113): 438578292 (52.0%)

[TRAFFIC ANALYSIS]
  Unique IPs:         146
  Heavy hitters:      0

[HTTP METHODS]
  GET:                592445830 (70.2%)
  POST:               251722501 (29.8%)
  Other:              0

[URL CONCENTRATION]
  Top URL:            /login
  Top URL count:      58 (0.0%)

[ALERT STATUS]
  Alert level:        [91mHIGH[0m
  Reason:             HIGH ATTACK RATE: 438577887 pps from botnet (52.0% of traffic) | HEAVY HITTERS: 1590270 IPs suspicious


╔══════════════════════════════════════════════════════════════════════╗
║               HTTP FLOOD DETECTOR - STATISTICS                      ║
╚══════════════════════════════════════════════════════════════════════╝

[PACKET COUNTERS]
  Total packets:      858779484
  HTTP packets:       858779471
  Baseline (192.168): 411830865 (48.0%)
  Attack (203.0.113): 446948606 (52.0%)

[TRAFFIC ANALYSIS]
  Unique IPs:         152
  Heavy hitters:      0

[HTTP METHODS]
  GET:                602374380 (70.1%)
  POST:               256405091 (29.9%)
  Other:              0

[URL CONCENTRATION]
  Top URL:            /login
  Top URL count:      58 (0.0%)

[ALERT STATUS]
  Alert level:        [91mHIGH[0m
  Reason:             HIGH ATTACK RATE: 446948205 pps from botnet (52.0% of traffic) | HEAVY HITTERS: 1591967 IPs suspicious


╔══════════════════════════════════════════════════════════════════════╗
║               HTTP FLOOD DETECTOR - STATISTICS                      ║
╚══════════════════════════════════════════════════════════════════════╝

[PACKET COUNTERS]
  Total packets:      873398171
  HTTP packets:       873398158
  Baseline (192.168): 418071719 (47.9%)
  Attack (203.0.113): 455326439 (52.1%)

[TRAFFIC ANALYSIS]
  Unique IPs:         161
  Heavy hitters:      0

[HTTP METHODS]
  GET:                612309921 (70.1%)
  POST:               261088237 (29.9%)
  Other:              0

[URL CONCENTRATION]
  Top URL:            /
  Top URL count:      61 (0.0%)

[ALERT STATUS]
  Alert level:        [91mHIGH[0m
  Reason:             HIGH ATTACK RATE: 455323852 pps from botnet (52.1% of traffic) | HEAVY HITTERS: 1591590 IPs suspicious


╔══════════════════════════════════════════════════════════════════════╗
║               HTTP FLOOD DETECTOR - STATISTICS                      ║
╚══════════════════════════════════════════════════════════════════════╝

[PACKET COUNTERS]
  Total packets:      888012556
  HTTP packets:       888012543
  Baseline (192.168): 424312558 (47.8%)
  Attack (203.0.113): 463699985 (52.2%)

[TRAFFIC ANALYSIS]
  Unique IPs:         164
  Heavy hitters:      0

[HTTP METHODS]
  GET:                622247195 (70.1%)
  POST:               265765348 (29.9%)
  Other:              0

[URL CONCENTRATION]
  Top URL:            /api
  Top URL count:      57 (0.0%)

[ALERT STATUS]
  Alert level:        [91mHIGH[0m
  Reason:             HIGH ATTACK RATE: 463699698 pps from botnet (52.2% of traffic) | HEAVY HITTERS: 1590932 IPs suspicious


╔══════════════════════════════════════════════════════════════════════╗
║               HTTP FLOOD DETECTOR - STATISTICS                      ║
╚══════════════════════════════════════════════════════════════════════╝

[PACKET COUNTERS]
  Total packets:      902624964
  HTTP packets:       902624951
  Baseline (192.168): 430553395 (47.7%)
  Attack (203.0.113): 472071556 (52.3%)

[TRAFFIC ANALYSIS]
  Unique IPs:         159
  Heavy hitters:      0

[HTTP METHODS]
  GET:                632187327 (70.0%)
  POST:               270437624 (30.0%)
  Other:              0

[URL CONCENTRATION]
  Top URL:            /search
  Top URL count:      58 (0.0%)

[ALERT STATUS]
  Alert level:        [91mHIGH[0m
  Reason:             HIGH ATTACK RATE: 472069865 pps from botnet (52.3% of traffic) | HEAVY HITTERS: 1592355 IPs suspicious


╔══════════════════════════════════════════════════════════════════════╗
║               HTTP FLOOD DETECTOR - STATISTICS                      ║
╚══════════════════════════════════════════════════════════════════════╝

[PACKET COUNTERS]
  Total packets:      917242698
  HTTP packets:       917242685
  Baseline (192.168): 436794244 (47.6%)
  Attack (203.0.113): 480448441 (52.4%)

[TRAFFIC ANALYSIS]
  Unique IPs:         174
  Heavy hitters:      0

[HTTP METHODS]
  GET:                642125724 (70.0%)
  POST:               275116961 (30.0%)
  Other:              0

[URL CONCENTRATION]
  Top URL:            /
  Top URL count:      90 (0.0%)

[ALERT STATUS]
  Alert level:        [91mHIGH[0m
  Reason:             HIGH ATTACK RATE: 480447959 pps from botnet (52.4% of traffic) | HEAVY HITTERS: 1592685 IPs suspicious


╔══════════════════════════════════════════════════════════════════════╗
║               HTTP FLOOD DETECTOR - STATISTICS                      ║
╚══════════════════════════════════════════════════════════════════════╝

[PACKET COUNTERS]
  Total packets:      931856892
  HTTP packets:       931856878
  Baseline (192.168): 443035079 (47.5%)
  Attack (203.0.113): 488821799 (52.5%)

[TRAFFIC ANALYSIS]
  Unique IPs:         168
  Heavy hitters:      0

[HTTP METHODS]
  GET:                652063831 (70.0%)
  POST:               279793047 (30.0%)
  Other:              0

[URL CONCENTRATION]
  Top URL:            /
  Top URL count:      69 (0.0%)

[ALERT STATUS]
  Alert level:        [91mHIGH[0m
  Reason:             HIGH ATTACK RATE: 488819751 pps from botnet (52.5% of traffic) | HEAVY HITTERS: 1590221 IPs suspicious


╔══════════════════════════════════════════════════════════════════════╗
║               HTTP FLOOD DETECTOR - STATISTICS                      ║
╚══════════════════════════════════════════════════════════════════════╝

[PACKET COUNTERS]
  Total packets:      946461910
  HTTP packets:       946461895
  Baseline (192.168): 449275916 (47.5%)
  Attack (203.0.113): 497185979 (52.5%)

[TRAFFIC ANALYSIS]
  Unique IPs:         168
  Heavy hitters:      0

[HTTP METHODS]
  GET:                661987795 (69.9%)
  POST:               284474100 (30.1%)
  Other:              0

[URL CONCENTRATION]
  Top URL:            /search
  Top URL count:      71 (0.0%)

[ALERT STATUS]
  Alert level:        [91mHIGH[0m
  Reason:             HIGH ATTACK RATE: 497185545 pps from botnet (52.5% of traffic) | HEAVY HITTERS: 1590142 IPs suspicious


╔══════════════════════════════════════════════════════════════════════╗
║               HTTP FLOOD DETECTOR - STATISTICS                      ║
╚══════════════════════════════════════════════════════════════════════╝

[PACKET COUNTERS]
  Total packets:      957872882
  HTTP packets:       957872867
  Baseline (192.168): 455516761 (47.6%)
  Attack (203.0.113): 502356106 (52.4%)

[TRAFFIC ANALYSIS]
  Unique IPs:         95
  Heavy hitters:      0

[HTTP METHODS]
  GET:                670304787 (70.0%)
  POST:               287568080 (30.0%)
  Other:              0

[URL CONCENTRATION]
  Top URL:            /static/css/style.css
  Top URL count:      16 (0.0%)

[ALERT STATUS]
  Alert level:        [91mHIGH[0m
  Reason:             HIGH ATTACK RATE: 502355716 pps from botnet (52.4% of traffic)


╔══════════════════════════════════════════════════════════════════════╗
║               HTTP FLOOD DETECTOR - STATISTICS                      ║
╚══════════════════════════════════════════════════════════════════════╝

[PACKET COUNTERS]
  Total packets:      964113707
  HTTP packets:       964113692
  Baseline (192.168): 461757586 (47.9%)
  Attack (203.0.113): 502356106 (52.1%)

[TRAFFIC ANALYSIS]
  Unique IPs:         90
  Heavy hitters:      0

[HTTP METHODS]
  GET:                676048406 (70.1%)
  POST:               288065286 (29.9%)
  Other:              0

[URL CONCENTRATION]
  Top URL:            /
  Top URL count:      17 (0.0%)

[ALERT STATUS]
  Alert level:        [91mHIGH[0m
  Reason:             HIGH ATTACK RATE: 502354859 pps from botnet (52.1% of traffic)


╔══════════════════════════════════════════════════════════════════════╗
║               HTTP FLOOD DETECTOR - STATISTICS                      ║
╚══════════════════════════════════════════════════════════════════════╝

[PACKET COUNTERS]
  Total packets:      970354538
  HTTP packets:       970354523
  Baseline (192.168): 467998417 (48.2%)
  Attack (203.0.113): 502356106 (51.8%)

[TRAFFIC ANALYSIS]
  Unique IPs:         86
  Heavy hitters:      0

[HTTP METHODS]
  GET:                681783248 (70.3%)
  POST:               288571275 (29.7%)
  Other:              0

[URL CONCENTRATION]
  Top URL:            /index.html
  Top URL count:      18 (0.0%)

[ALERT STATUS]
  Alert level:        [91mHIGH[0m
  Reason:             HIGH ATTACK RATE: 502355187 pps from botnet (51.8% of traffic)


╔══════════════════════════════════════════════════════════════════════╗
║               HTTP FLOOD DETECTOR - STATISTICS                      ║
╚══════════════════════════════════════════════════════════════════════╝

[PACKET COUNTERS]
  Total packets:      976595373
  HTTP packets:       976595358
  Baseline (192.168): 474239252 (48.6%)
  Attack (203.0.113): 502356106 (51.4%)

[TRAFFIC ANALYSIS]
  Unique IPs:         82
  Heavy hitters:      0

[HTTP METHODS]
  GET:                687526652 (70.4%)
  POST:               289068706 (29.6%)
  Other:              0

[URL CONCENTRATION]
  Top URL:            /
  Top URL count:      22 (0.0%)

[ALERT STATUS]
  Alert level:        [91mHIGH[0m
  Reason:             HIGH ATTACK RATE: 502355505 pps from botnet (51.4% of traffic)


╔══════════════════════════════════════════════════════════════════════╗
║               HTTP FLOOD DETECTOR - STATISTICS                      ║
╚══════════════════════════════════════════════════════════════════════╝

[PACKET COUNTERS]
  Total packets:      982836203
  HTTP packets:       982836187
  Baseline (192.168): 480480081 (48.9%)
  Attack (203.0.113): 502356106 (51.1%)

[TRAFFIC ANALYSIS]
  Unique IPs:         79
  Heavy hitters:      0

[HTTP METHODS]
  GET:                693262421 (70.5%)
  POST:               289573766 (29.5%)
  Other:              0

[URL CONCENTRATION]
  Top URL:            /static/js/main.js
  Top URL count:      13 (0.0%)

[ALERT STATUS]
  Alert level:        [91mHIGH[0m
  Reason:             HIGH ATTACK RATE: 502355263 pps from botnet (51.1% of traffic)


╔══════════════════════════════════════════════════════════════════════╗
║               HTTP FLOOD DETECTOR - STATISTICS                      ║
╚══════════════════════════════════════════════════════════════════════╝

[PACKET COUNTERS]
  Total packets:      989077038
  HTTP packets:       989077022
  Baseline (192.168): 486720916 (49.2%)
  Attack (203.0.113): 502356106 (50.8%)

[TRAFFIC ANALYSIS]
  Unique IPs:         78
  Heavy hitters:      0

[HTTP METHODS]
  GET:                699003483 (70.7%)
  POST:               290073539 (29.3%)
  Other:              0

[URL CONCENTRATION]
  Top URL:            /index.html
  Top URL count:      13 (0.0%)

[ALERT STATUS]
  Alert level:        [91mHIGH[0m
  Reason:             HIGH ATTACK RATE: 502354597 pps from botnet (50.8% of traffic)


╔══════════════════════════════════════════════════════════════════════╗
║               HTTP FLOOD DETECTOR - STATISTICS                      ║
╚══════════════════════════════════════════════════════════════════════╝

[PACKET COUNTERS]
  Total packets:      995317860
  HTTP packets:       995317844
  Baseline (192.168): 492961738 (49.5%)
  Attack (203.0.113): 502356106 (50.5%)

[TRAFFIC ANALYSIS]
  Unique IPs:         69
  Heavy hitters:      0

[HTTP METHODS]
  GET:                704741856 (70.8%)
  POST:               290575988 (29.2%)
  Other:              0

[URL CONCENTRATION]
  Top URL:            /
  Top URL count:      21 (0.0%)

[ALERT STATUS]
  Alert level:        [91mHIGH[0m
  Reason:             HIGH ATTACK RATE: 502355978 pps from botnet (50.5% of traffic)


╔══════════════════════════════════════════════════════════════════════╗
║               HTTP FLOOD DETECTOR - STATISTICS                      ║
╚══════════════════════════════════════════════════════════════════════╝

[PACKET COUNTERS]
  Total packets:      1001558703
  HTTP packets:       1001558687
  Baseline (192.168): 499202581 (49.8%)
  Attack (203.0.113): 502356106 (50.2%)

[TRAFFIC ANALYSIS]
  Unique IPs:         71
  Heavy hitters:      0

[HTTP METHODS]
  GET:                710480380 (70.9%)
  POST:               291078307 (29.1%)
  Other:              0

[URL CONCENTRATION]
  Top URL:            /api/v1/users
  Top URL count:      14 (0.0%)

[ALERT STATUS]
  Alert level:        [91mHIGH[0m
  Reason:             HIGH ATTACK RATE: 502355550 pps from botnet (50.2% of traffic)


╔══════════════════════════════════════════════════════════════════════╗
║               HTTP FLOOD DETECTOR - STATISTICS                      ║
╚══════════════════════════════════════════════════════════════════════╝

[PACKET COUNTERS]
  Total packets:      1007799528
  HTTP packets:       1007799512
  Baseline (192.168): 505443406 (50.2%)
  Attack (203.0.113): 502356106 (49.8%)

[TRAFFIC ANALYSIS]
  Unique IPs:         68
  Heavy hitters:      0

[HTTP METHODS]
  GET:                716220033 (71.1%)
  POST:               291579479 (28.9%)
  Other:              0

[URL CONCENTRATION]
  Top URL:            /home
  Top URL count:      13 (0.0%)

[ALERT STATUS]
  Alert level:        [91mHIGH[0m
  Reason:             HIGH ATTACK RATE: 502355348 pps from botnet (49.8% of traffic)


╔══════════════════════════════════════════════════════════════════════╗
║               HTTP FLOOD DETECTOR - STATISTICS                      ║
╚══════════════════════════════════════════════════════════════════════╝

[PACKET COUNTERS]
  Total packets:      1014040360
  HTTP packets:       1014040344
  Baseline (192.168): 511684238 (50.5%)
  Attack (203.0.113): 502356106 (49.5%)

[TRAFFIC ANALYSIS]
  Unique IPs:         67
  Heavy hitters:      0

[HTTP METHODS]
  GET:                721965653 (71.2%)
  POST:               292074691 (28.8%)
  Other:              0

[URL CONCENTRATION]
  Top URL:            /static/css/style.css
  Top URL count:      23 (0.0%)

[ALERT STATUS]
  Alert level:        [91mHIGH[0m
  Reason:             HIGH ATTACK RATE: 502354985 pps from botnet (49.5% of traffic)


╔══════════════════════════════════════════════════════════════════════╗
║               HTTP FLOOD DETECTOR - STATISTICS                      ║
╚══════════════════════════════════════════════════════════════════════╝

[PACKET COUNTERS]
  Total packets:      1020281189
  HTTP packets:       1020281172
  Baseline (192.168): 517925066 (50.8%)
  Attack (203.0.113): 502356106 (49.2%)

[TRAFFIC ANALYSIS]
  Unique IPs:         58
  Heavy hitters:      0

[HTTP METHODS]
  GET:                727705428 (71.3%)
  POST:               292575744 (28.7%)
  Other:              0

[URL CONCENTRATION]
  Top URL:            /index.html
  Top URL count:      15 (0.0%)

[ALERT STATUS]
  Alert level:        [91mHIGH[0m
  Reason:             HIGH ATTACK RATE: 502356029 pps from botnet (49.2% of traffic)


╔══════════════════════════════════════════════════════════════════════╗
║               HTTP FLOOD DETECTOR - STATISTICS                      ║
╚══════════════════════════════════════════════════════════════════════╝

[PACKET COUNTERS]
  Total packets:      1026522018
  HTTP packets:       1026522001
  Baseline (192.168): 524165895 (51.1%)
  Attack (203.0.113): 502356106 (48.9%)

[TRAFFIC ANALYSIS]
  Unique IPs:         55
  Heavy hitters:      0

[HTTP METHODS]
  GET:                733443604 (71.4%)
  POST:               293078397 (28.6%)
  Other:              0

[URL CONCENTRATION]
  Top URL:            /main
  Top URL count:      12 (0.0%)

[ALERT STATUS]
  Alert level:        [91mHIGH[0m
  Reason:             HIGH ATTACK RATE: 502355066 pps from botnet (48.9% of traffic)


╔══════════════════════════════════════════════════════════════════════╗
║               HTTP FLOOD DETECTOR - STATISTICS                      ║
╚══════════════════════════════════════════════════════════════════════╝

[PACKET COUNTERS]
  Total packets:      1032762852
  HTTP packets:       1032762835
  Baseline (192.168): 530406729 (51.4%)
  Attack (203.0.113): 502356106 (48.6%)

[TRAFFIC ANALYSIS]
  Unique IPs:         49
  Heavy hitters:      0

[HTTP METHODS]
  GET:                739185944 (71.6%)
  POST:               293576891 (28.4%)
  Other:              0

[URL CONCENTRATION]
  Top URL:            /images/logo.png
  Top URL count:      11 (0.0%)

[ALERT STATUS]
  Alert level:        [91mHIGH[0m
  Reason:             HIGH ATTACK RATE: 502355031 pps from botnet (48.6% of traffic)


╔══════════════════════════════════════════════════════════════════════╗
║               HTTP FLOOD DETECTOR - STATISTICS                      ║
╚══════════════════════════════════════════════════════════════════════╝

[PACKET COUNTERS]
  Total packets:      1039003683
  HTTP packets:       1039003666
  Baseline (192.168): 536647560 (51.7%)
  Attack (203.0.113): 502356106 (48.3%)

[TRAFFIC ANALYSIS]
  Unique IPs:         49
  Heavy hitters:      0

[HTTP METHODS]
  GET:                744931359 (71.7%)
  POST:               294072307 (28.3%)
  Other:              0

[URL CONCENTRATION]
  Top URL:            /
  Top URL count:      14 (0.0%)

[ALERT STATUS]
  Alert level:        [91mHIGH[0m
  Reason:             HIGH ATTACK RATE: 502354043 pps from botnet (48.3% of traffic)


╔══════════════════════════════════════════════════════════════════════╗
║               HTTP FLOOD DETECTOR - STATISTICS                      ║
╚══════════════════════════════════════════════════════════════════════╝

[PACKET COUNTERS]
  Total packets:      1045244510
  HTTP packets:       1045244493
  Baseline (192.168): 542888387 (51.9%)
  Attack (203.0.113): 502356106 (48.1%)

[TRAFFIC ANALYSIS]
  Unique IPs:         41
  Heavy hitters:      0

[HTTP METHODS]
  GET:                750673788 (71.8%)
  POST:               294570705 (28.2%)
  Other:              0

[URL CONCENTRATION]
  Top URL:            /
  Top URL count:      16 (0.0%)

[ALERT STATUS]
  Alert level:        [91mHIGH[0m
  Reason:             HIGH ATTACK RATE: 502355968 pps from botnet (48.1% of traffic)


╔══════════════════════════════════════════════════════════════════════╗
║               HTTP FLOOD DETECTOR - STATISTICS                      ║
╚══════════════════════════════════════════════════════════════════════╝

[PACKET COUNTERS]
  Total packets:      1051485332
  HTTP packets:       1051485315
  Baseline (192.168): 549129209 (52.2%)
  Attack (203.0.113): 502356106 (47.8%)

[TRAFFIC ANALYSIS]
  Unique IPs:         33
  Heavy hitters:      0

[HTTP METHODS]
  GET:                756417546 (71.9%)
  POST:               295067769 (28.1%)
  Other:              0

[URL CONCENTRATION]
  Top URL:            /api/v1/users
  Top URL count:      9 (0.0%)

[ALERT STATUS]
  Alert level:        [91mHIGH[0m
  Reason:             HIGH ATTACK RATE: 502354990 pps from botnet (47.8% of traffic)


╔══════════════════════════════════════════════════════════════════════╗
║               HTTP FLOOD DETECTOR - STATISTICS                      ║
╚══════════════════════════════════════════════════════════════════════╝

[PACKET COUNTERS]
  Total packets:      1057726174
  HTTP packets:       1057726156
  Baseline (192.168): 555370050 (52.5%)
  Attack (203.0.113): 502356106 (47.5%)

[TRAFFIC ANALYSIS]
  Unique IPs:         40
  Heavy hitters:      0

[HTTP METHODS]
  GET:                762161918 (72.1%)
  POST:               295564238 (27.9%)
  Other:              0

[URL CONCENTRATION]
  Top URL:            /
  Top URL count:      15 (0.0%)

[ALERT STATUS]
  Alert level:        [91mHIGH[0m
  Reason:             HIGH ATTACK RATE: 502353065 pps from botnet (47.5% of traffic)


╔══════════════════════════════════════════════════════════════════════╗
║               HTTP FLOOD DETECTOR - STATISTICS                      ║
╚══════════════════════════════════════════════════════════════════════╝

[PACKET COUNTERS]
  Total packets:      1063967014
  HTTP packets:       1063966996
  Baseline (192.168): 561610890 (52.8%)
  Attack (203.0.113): 502356106 (47.2%)

[TRAFFIC ANALYSIS]
  Unique IPs:         31
  Heavy hitters:      0

[HTTP METHODS]
  GET:                767900024 (72.2%)
  POST:               296066972 (27.8%)
  Other:              0

[URL CONCENTRATION]
  Top URL:            /api/v1/users
  Top URL count:      7 (0.0%)

[ALERT STATUS]
  Alert level:        [91mHIGH[0m
  Reason:             HIGH ATTACK RATE: 502353806 pps from botnet (47.2% of traffic)


╔══════════════════════════════════════════════════════════════════════╗
║               HTTP FLOOD DETECTOR - STATISTICS                      ║
╚══════════════════════════════════════════════════════════════════════╝

[PACKET COUNTERS]
  Total packets:      1070207844
  HTTP packets:       1070207826
  Baseline (192.168): 567851720 (53.1%)
  Attack (203.0.113): 502356106 (46.9%)

[TRAFFIC ANALYSIS]
  Unique IPs:         33
  Heavy hitters:      0

[HTTP METHODS]
  GET:                773647712 (72.3%)
  POST:               296560114 (27.7%)
  Other:              0

[URL CONCENTRATION]
  Top URL:            /favicon.ico
  Top URL count:      7 (0.0%)

[ALERT STATUS]
  Alert level:        [91mHIGH[0m
  Reason:             HIGH ATTACK RATE: 502355988 pps from botnet (46.9% of traffic)


╔══════════════════════════════════════════════════════════════════════╗
║               HTTP FLOOD DETECTOR - STATISTICS                      ║
╚══════════════════════════════════════════════════════════════════════╝

[PACKET COUNTERS]
  Total packets:      1076448683
  HTTP packets:       1076448665
  Baseline (192.168): 574092559 (53.3%)
  Attack (203.0.113): 502356106 (46.7%)

[TRAFFIC ANALYSIS]
  Unique IPs:         34
  Heavy hitters:      0

[HTTP METHODS]
  GET:                779393041 (72.4%)
  POST:               297055624 (27.6%)
  Other:              0

[URL CONCENTRATION]
  Top URL:            /
  Top URL count:      11 (0.0%)

[ALERT STATUS]
  Alert level:        [91mHIGH[0m
  Reason:             HIGH ATTACK RATE: 502355993 pps from botnet (46.7% of traffic)


╔══════════════════════════════════════════════════════════════════════╗
║               HTTP FLOOD DETECTOR - STATISTICS                      ║
╚══════════════════════════════════════════════════════════════════════╝

[PACKET COUNTERS]
  Total packets:      1082689512
  HTTP packets:       1082689494
  Baseline (192.168): 580333388 (53.6%)
  Attack (203.0.113): 502356106 (46.4%)

[TRAFFIC ANALYSIS]
  Unique IPs:         25
  Heavy hitters:      0

[HTTP METHODS]
  GET:                785131399 (72.5%)
  POST:               297558095 (27.5%)
  Other:              0

[URL CONCENTRATION]
  Top URL:            /api/v1/users
  Top URL count:      10 (0.0%)

[ALERT STATUS]
  Alert level:        [91mHIGH[0m
  Reason:             HIGH ATTACK RATE: 502355792 pps from botnet (46.4% of traffic)


╔══════════════════════════════════════════════════════════════════════╗
║               HTTP FLOOD DETECTOR - STATISTICS                      ║
╚══════════════════════════════════════════════════════════════════════╝

[PACKET COUNTERS]
  Total packets:      1088930353
  HTTP packets:       1088930335
  Baseline (192.168): 586574229 (53.9%)
  Attack (203.0.113): 502356106 (46.1%)

[TRAFFIC ANALYSIS]
  Unique IPs:         33
  Heavy hitters:      0

[HTTP METHODS]
  GET:                790873553 (72.6%)
  POST:               298056782 (27.4%)
  Other:              0

[URL CONCENTRATION]
  Top URL:            /favicon.ico
  Top URL count:      7 (0.0%)

[ALERT STATUS]
  Alert level:        [91mHIGH[0m
  Reason:             HIGH ATTACK RATE: 502355973 pps from botnet (46.1% of traffic)


╔══════════════════════════════════════════════════════════════════════╗
║               HTTP FLOOD DETECTOR - STATISTICS                      ║
╚══════════════════════════════════════════════════════════════════════╝

[PACKET COUNTERS]
  Total packets:      1095171190
  HTTP packets:       1095171171
  Baseline (192.168): 592815065 (54.1%)
  Attack (203.0.113): 502356106 (45.9%)

[TRAFFIC ANALYSIS]
  Unique IPs:         30
  Heavy hitters:      0

[HTTP METHODS]
  GET:                796609506 (72.7%)
  POST:               298561665 (27.3%)
  Other:              0

[URL CONCENTRATION]
  Top URL:            /images/logo.png
  Top URL count:      8 (0.0%)

[ALERT STATUS]
  Alert level:        [91mHIGH[0m
  Reason:             HIGH ATTACK RATE: 502354733 pps from botnet (45.9% of traffic)


╔══════════════════════════════════════════════════════════════════════╗
║               HTTP FLOOD DETECTOR - STATISTICS                      ║
╚══════════════════════════════════════════════════════════════════════╝

[PACKET COUNTERS]
  Total packets:      1101412024
  HTTP packets:       1101412005
  Baseline (192.168): 599055899 (54.4%)
  Attack (203.0.113): 502356106 (45.6%)

[TRAFFIC ANALYSIS]
  Unique IPs:         27
  Heavy hitters:      0

[HTTP METHODS]
  GET:                802351639 (72.8%)
  POST:               299060366 (27.2%)
  Other:              0

[URL CONCENTRATION]
  Top URL:            /home
  Top URL count:      8 (0.0%)

[ALERT STATUS]
  Alert level:        [91mHIGH[0m
  Reason:             HIGH ATTACK RATE: 502355933 pps from botnet (45.6% of traffic)


╔══════════════════════════════════════════════════════════════════════╗
║               HTTP FLOOD DETECTOR - STATISTICS                      ║
╚══════════════════════════════════════════════════════════════════════╝

[PACKET COUNTERS]
  Total packets:      1107652859
  HTTP packets:       1107652840
  Baseline (192.168): 605296734 (54.6%)
  Attack (203.0.113): 502356106 (45.4%)

[TRAFFIC ANALYSIS]
  Unique IPs:         25
  Heavy hitters:      0

[HTTP METHODS]
  GET:                808088717 (73.0%)
  POST:               299564123 (27.0%)
  Other:              0

[URL CONCENTRATION]
  Top URL:            /api/v2/data
  Top URL count:      7 (0.0%)

[ALERT STATUS]
  Alert level:        [91mHIGH[0m
  Reason:             HIGH ATTACK RATE: 502355515 pps from botnet (45.4% of traffic)


╔══════════════════════════════════════════════════════════════════════╗
║               HTTP FLOOD DETECTOR - STATISTICS                      ║
╚══════════════════════════════════════════════════════════════════════╝

[PACKET COUNTERS]
  Total packets:      1113893700
  HTTP packets:       1113893681
  Baseline (192.168): 611537575 (54.9%)
  Attack (203.0.113): 502356106 (45.1%)

[TRAFFIC ANALYSIS]
  Unique IPs:         33
  Heavy hitters:      0

[HTTP METHODS]
  GET:                813829000 (73.1%)
  POST:               300064681 (26.9%)
  Other:              0

[URL CONCENTRATION]
  Top URL:            /api/v1/users
  Top URL count:      7 (0.0%)

[ALERT STATUS]
  Alert level:        [91mHIGH[0m
  Reason:             HIGH ATTACK RATE: 502353725 pps from botnet (45.1% of traffic)


================================================================================
Detector stopped by signal 15
